05-04 00:07:40 com_github_MitjaNemec_PlaceFootprints.action_place_footprints 647:Plugin executed on: 'win32'
05-04 00:07:40 com_github_MitjaNemec_PlaceFootprints.action_place_footprints 648:Plugin executed with python version: '3.11.5 (main, Jan 19 2024, 08:13:45) [MSC v.1936 64 bit (AMD64)]'
05-04 00:07:40 com_github_MitjaNemec_PlaceFootprints.action_place_footprints 649:KiCad build version: 8.0.1
05-04 00:07:40 com_github_MitjaNemec_PlaceFootprints.action_place_footprints 650:Plugin version: 3.0.0
05-04 00:07:40 com_github_MitjaNemec_PlaceFootprints.action_place_footprints 651:Frame repr: <wx._core.Frame object at 0x00000229645A04C0>
05-04 00:07:40 com_github_MitjaNemec_PlaceFootprints.place_footprints 121:getting a list of all footprints on board
05-04 00:07:40 com_github_MitjaNemec_PlaceFootprints.place_footprints 156:Footprint U1 on root level
05-04 00:07:40 com_github_MitjaNemec_PlaceFootprints.place_footprints 156:Footprint J1 on root level
05-04 00:07:40 com_github_MitjaNemec_PlaceFootprints.place_footprints 156:Footprint C1 on root level
05-04 00:07:41 com_github_MitjaNemec_PlaceFootprints.action_place_footprints 830:Reference designator is: R
05-04 00:07:41 com_github_MitjaNemec_PlaceFootprints.action_place_footprints 831:Reference number is: 6
05-04 00:07:41 com_github_MitjaNemec_PlaceFootprints.action_place_footprints 863:Sorted and filtered list:
['R1', 'R2', 'R3', 'R4', 'R5', 'R6', 'R7', 'R8', 'R9', 'R10', 'R11', 'R12', 'R13', 'R14', 'R15', 'R16', 'R17', 'R18', 'R19', 'R20', 'R21', 'R22', 'R23', 'R24', 'R25', 'R26', 'R27', 'R28', 'R29', 'R30', 'R31', 'R32', 'R33', 'R34', 'R35', 'R36', 'R37', 'R38']
05-04 00:07:41 com_github_MitjaNemec_PlaceFootprints.action_place_footprints 359:wx.Colour(240, 240, 240, 255)
05-04 00:07:52 com_github_MitjaNemec_PlaceFootprints.action_place_footprints 490:'0'
05-04 00:07:52 com_github_MitjaNemec_PlaceFootprints.action_place_footprints 536:Preparing config for reference linear
05-04 00:07:52 com_github_MitjaNemec_PlaceFootprints.action_place_footprints 556:Saving config file
05-04 00:07:52 com_github_MitjaNemec_PlaceFootprints.action_place_footprints 558:Saved the config file
05-04 00:07:52 com_github_MitjaNemec_PlaceFootprints.action_place_footprints 901:Footprints to place:
['R6', 'R7', 'R8', 'R9', 'R10', 'R11', 'R12', 'R13', 'R14', 'R15', 'R16', 'R17']
05-04 00:07:52 com_github_MitjaNemec_PlaceFootprints.place_footprints 367:Starting placing with linear layout
05-04 00:07:52 com_github_MitjaNemec_PlaceFootprints.action_place_footprints 942:Placing complete
